<?xml version="1.0" encoding="UTF-8"?>
<!-- Generated by org.testng.reporters.JUnitXMLReporter -->
<testsuite ignored="0" hostname="Nitish-Pal" failures="0" tests="8" name="Default test" time="12.327" errors="0" timestamp="2025-01-02T18:22:12 IST">
  <testcase classname="test.ButtonsTest" name="clickonClose" time="0.204"/>
  <testcase classname="test.ButtonsTest" name="clickonPractice" time="2.665"/>
  <testcase classname="test.ButtonsTest" name="clickonElement" time="0.2"/>
  <testcase classname="test.ButtonsTest" name="clickonbuttons" time="0.112"/>
  <testcase classname="test.ButtonsTest" name="clickonDoubleclick" time="0.25"/>
  <testcase classname="test.ButtonsTest" name="clickonRightclick" time="0.264"/>
  <testcase classname="test.ButtonsTest" name="clickonClickme" time="0.172"/>
  <testcase classname="test.ButtonsTest" name="buttonsvalidate" time="0.364"/>
</testsuite> <!-- Default test -->
