<?xml version="1.0" encoding="UTF-8"?>
<!-- Generated by org.testng.reporters.JUnitXMLReporter -->
<testsuite ignored="0" hostname="Nitish-Pal" failures="0" tests="8" name="ButtonsTest" time="20.024" errors="0" timestamp="2025-05-21T14:28:52 IST">
  <testcase classname="test.ButtonsTest" name="clickonClose" time="0.28"/>
  <testcase classname="test.ButtonsTest" name="clickonPractice" time="3.133"/>
  <testcase classname="test.ButtonsTest" name="clickonElement" time="0.212"/>
  <testcase classname="test.ButtonsTest" name="clickonbuttons" time="0.177"/>
  <testcase classname="test.ButtonsTest" name="clickonDoubleclick" time="0.298"/>
  <testcase classname="test.ButtonsTest" name="clickonRightclick" time="0.274"/>
  <testcase classname="test.ButtonsTest" name="clickonClickme" time="0.224"/>
  <testcase classname="test.ButtonsTest" name="buttonsvalidate" time="0.601"/>
</testsuite> <!-- ButtonsTest -->
