<?xml version="1.0" encoding="UTF-8"?>
<!-- Generated by org.testng.reporters.JUnitXMLReporter -->
<testsuite ignored="0" hostname="Nitish-Pal" failures="0" tests="12" name="Links_Page" time="16.734" errors="0" timestamp="2025-05-21T14:28:08 IST">
  <testcase classname="test.Links_Test" name="clickAtClose" time="0.208"/>
  <testcase classname="test.Links_Test" name="clickAtPractice" time="2.168"/>
  <testcase classname="test.Links_Test" name="clickAtElements" time="0.227"/>
  <testcase classname="test.Links_Test" name="clickAtLinks" time="0.236"/>
  <testcase classname="test.Links_Test" name="clickAtDemoPage" time="0.279"/>
  <testcase classname="test.Links_Test" name="clickNextClose" time="0.798"/>
  <testcase classname="test.Links_Test" name="backToPreviousWindow" time="0.059"/>
  <testcase classname="test.Links_Test" name="clickAtCreated" time="0.186"/>
  <testcase classname="test.Links_Test" name="clickAtNoContant" time="0.211"/>
  <testcase classname="test.Links_Test" name="clickAtMoved" time="0.182"/>
  <testcase classname="test.Links_Test" name="clickAtRequest" time="0.19"/>
  <testcase classname="test.Links_Test" name="clickAtUnauthorized" time="0.194"/>
</testsuite> <!-- Links_Page -->
