<?xml version="1.0" encoding="UTF-8"?>
<!-- Generated by org.testng.reporters.JUnitXMLReporter -->
<testsuite ignored="0" hostname="Nitish-Pal" failures="0" tests="12" name="Links_Test" time="24.147" errors="0" timestamp="2025-05-21T14:28:32 IST">
  <testcase classname="test.Links_Test" name="clickAtClose" time="0.33"/>
  <testcase classname="test.Links_Test" name="clickAtPractice" time="4.65"/>
  <testcase classname="test.Links_Test" name="clickAtElements" time="0.204"/>
  <testcase classname="test.Links_Test" name="clickAtLinks" time="0.179"/>
  <testcase classname="test.Links_Test" name="clickAtDemoPage" time="0.206"/>
  <testcase classname="test.Links_Test" name="clickNextClose" time="0.937"/>
  <testcase classname="test.Links_Test" name="backToPreviousWindow" time="0.064"/>
  <testcase classname="test.Links_Test" name="clickAtCreated" time="0.261"/>
  <testcase classname="test.Links_Test" name="clickAtNoContant" time="0.228"/>
  <testcase classname="test.Links_Test" name="clickAtMoved" time="0.239"/>
  <testcase classname="test.Links_Test" name="clickAtRequest" time="0.236"/>
  <testcase classname="test.Links_Test" name="clickAtUnauthorized" time="0.232"/>
</testsuite> <!-- Links_Test -->
