<?xml version="1.0" encoding="UTF-8"?>
<!-- Generated by org.testng.reporters.JUnitXMLReporter -->
<testsuite ignored="0" hostname="Nitish-Pal" failures="0" tests="7" name="RadioButtonsTest" time="13.659" errors="0" timestamp="2025-05-21T14:27:51 IST">
  <testcase classname="test.RadioButtonsTest" name="clickonclose" time="0.219"/>
  <testcase classname="test.RadioButtonsTest" name="clickonpractice" time="1.942"/>
  <testcase classname="test.RadioButtonsTest" name="clickonelements" time="0.29"/>
  <testcase classname="test.RadioButtonsTest" name="clickonradiobuttons" time="0.222"/>
  <testcase classname="test.RadioButtonsTest" name="clickonyesbuttons" time="0.328"/>
  <testcase classname="test.RadioButtonsTest" name="clickonimpressivebuttons" time="0.178"/>
  <testcase classname="test.RadioButtonsTest" name="clickonnobuttons" time="0.219"/>
</testsuite> <!-- RadioButtonsTest -->
