<?xml version="1.0" encoding="UTF-8"?>
<!-- Generated by org.testng.reporters.JUnitXMLReporter -->
<testsuite ignored="1" hostname="LAPTOP-FUN2M76R" failures="0" tests="9" name="Test" time="21.738" errors="0" timestamp="2024-11-09T21:49:06 IST">
  <testcase classname="test.LoginTest" name="clickonclose" time="0.804"/>
  <testcase classname="test.LoginTest" name="gettitle" time="0.068"/>
  <testcase classname="test.LoginTest" name="geturl" time="0.05"/>
  <testcase classname="test.TextBoxTest" name="clickonclose" time="0.523"/>
  <testcase classname="test.TextBoxTest" name="clickonpractice" time="2.892"/>
  <testcase classname="test.TextBoxTest" name="clickonelements" time="0.266"/>
  <testcase classname="test.TextBoxTest" name="clickontextbox" time="0.176"/>
  <testcase classname="test.TextBoxTest" name="filldetails" time="2.598"/>
  <testcase classname="test.TextBoxTest" name="clickonsubmit" time="0.15"/>
  <testcase classname="baselibrary.BaseLibrary" name="@AfterTest flush" time="0.0">
    <ignored/>
  </testcase> <!-- @AfterTest flush -->
</testsuite> <!-- Test -->
