<?xml version="1.0" encoding="UTF-8"?>
<!-- Generated by org.testng.reporters.JUnitXMLReporter -->
<testsuite ignored="0" hostname="LAPTOP-FUN2M76R" failures="0" tests="7" name="TestBoxTest" time="15.566" errors="0" timestamp="2024-11-12T16:31:50 IST">
  <testcase classname="test.TextBoxTest" name="clickonclose" time="0.232"/>
  <testcase classname="test.TextBoxTest" name="clickonpractice" time="2.034"/>
  <testcase classname="test.TextBoxTest" name="clickonelements" time="0.186"/>
  <testcase classname="test.TextBoxTest" name="clickontextbox" time="0.155"/>
  <testcase classname="test.TextBoxTest" name="filldetails" time="2.81"/>
  <testcase classname="test.TextBoxTest" name="clickonsubmit" time="0.123"/>
  <testcase classname="test.TextBoxTest" name="validate" time="0.581"/>
</testsuite> <!-- TestBoxTest -->
