<?xml version="1.0" encoding="UTF-8"?>
<!-- Generated by org.testng.reporters.JUnitXMLReporter -->
<testsuite ignored="0" hostname="Nitish-Pal" failures="0" tests="7" name="TextBoxTest" time="16.894" errors="0" timestamp="2025-05-21T14:27:22 IST">
  <testcase classname="test.TextBoxTest" name="clickonclose" time="0.203"/>
  <testcase classname="test.TextBoxTest" name="clickonpractice" time="2.254"/>
  <testcase classname="test.TextBoxTest" name="clickonelements" time="0.218"/>
  <testcase classname="test.TextBoxTest" name="clickontextbox" time="0.244"/>
  <testcase classname="test.TextBoxTest" name="filldetails" time="3.99"/>
  <testcase classname="test.TextBoxTest" name="clickonsubmit" time="0.195"/>
  <testcase classname="test.TextBoxTest" name="validate" time="0.7"/>
</testsuite> <!-- TextBoxTest -->
