<?xml version="1.0" encoding="UTF-8"?>
<!-- Generated by org.testng.reporters.JUnitXMLReporter -->
<testsuite ignored="0" hostname="Nitish-Pal" failures="0" tests="6" name="UploadTest" time="28.068" errors="0" timestamp="2025-05-21T14:29:20 IST">
  <testcase classname="test.Upload_DownloadTest" name="clickAtClose" time="0.339"/>
  <testcase classname="test.Upload_DownloadTest" name="clickAtPractice" time="3.836"/>
  <testcase classname="test.Upload_DownloadTest" name="clickAtElements" time="0.276"/>
  <testcase classname="test.Upload_DownloadTest" name="clickAtUploads" time="0.206"/>
  <testcase classname="test.Upload_DownloadTest" name="clickAtChose" time="0.208"/>
  <testcase classname="test.Upload_DownloadTest" name="uploadDoc" time="1.345"/>
</testsuite> <!-- UploadTest -->
