<?xml version="1.0" encoding="UTF-8"?>
<testng-results ignored="0" total="62" passed="62" failed="0" skipped="0">
  <reporter-output>
  </reporter-output>
  <suite started-at="2025-05-21T14:26:16 IST" name="Suite" finished-at="2025-05-21T14:29:20 IST" duration-ms="184395">
    <groups>
    </groups>
    <test started-at="2025-05-21T14:26:16 IST" name="LoginTest" finished-at="2025-05-21T14:27:05 IST" duration-ms="49379">
      <class name="test.LoginTest">
        <test-method is-config="true" signature="launcher()[pri:0, instance:test.LoginTest@3c7f66c4]" started-at="2025-05-21T14:26:16 IST" name="launcher" finished-at="2025-05-21T14:27:04 IST" duration-ms="47660" status="PASS">
          <reporter-output>
          </reporter-output>
        </test-method> <!-- launcher -->
        <test-method signature="clickonclose()[pri:0, instance:test.LoginTest@3c7f66c4]" started-at="2025-05-21T14:27:04 IST" name="clickonclose" finished-at="2025-05-21T14:27:04 IST" duration-ms="267" status="PASS">
          <reporter-output>
          </reporter-output>
        </test-method> <!-- clickonclose -->
        <test-method is-config="true" signature="resultAnalysis(org.testng.ITestResult)[pri:0, instance:test.LoginTest@3c7f66c4]" started-at="2025-05-21T14:27:04 IST" name="resultAnalysis" finished-at="2025-05-21T14:27:05 IST" duration-ms="625" status="PASS">
          <params>
            <param index="0">
              <value>
                <![CDATA[[TestResult name=clickonclose status=SUCCESS method=LoginTest.clickonclose()[pri:0, instance:test.LoginTest@3c7f66c4] output={null}]]]>
              </value>
            </param>
          </params>
          <reporter-output>
          </reporter-output>
        </test-method> <!-- resultAnalysis -->
        <test-method signature="getUrl()[pri:0, instance:test.LoginTest@3c7f66c4]" started-at="2025-05-21T14:27:05 IST" name="getUrl" finished-at="2025-05-21T14:27:05 IST" duration-ms="14" status="PASS">
          <reporter-output>
          </reporter-output>
        </test-method> <!-- getUrl -->
        <test-method is-config="true" signature="resultAnalysis(org.testng.ITestResult)[pri:0, instance:test.LoginTest@3c7f66c4]" started-at="2025-05-21T14:27:05 IST" name="resultAnalysis" finished-at="2025-05-21T14:27:05 IST" duration-ms="444" status="PASS">
          <params>
            <param index="0">
              <value>
                <![CDATA[[TestResult name=getUrl status=SUCCESS method=LoginTest.getUrl()[pri:0, instance:test.LoginTest@3c7f66c4] output={null}]]]>
              </value>
            </param>
          </params>
          <reporter-output>
          </reporter-output>
        </test-method> <!-- resultAnalysis -->
        <test-method signature="gettitle()[pri:0, instance:test.LoginTest@3c7f66c4]" started-at="2025-05-21T14:27:05 IST" name="gettitle" finished-at="2025-05-21T14:27:05 IST" duration-ms="15" status="PASS">
          <reporter-output>
          </reporter-output>
        </test-method> <!-- gettitle -->
        <test-method is-config="true" signature="resultAnalysis(org.testng.ITestResult)[pri:0, instance:test.LoginTest@3c7f66c4]" started-at="2025-05-21T14:27:05 IST" name="resultAnalysis" finished-at="2025-05-21T14:27:05 IST" duration-ms="291" status="PASS">
          <params>
            <param index="0">
              <value>
                <![CDATA[[TestResult name=gettitle status=SUCCESS method=LoginTest.gettitle()[pri:0, instance:test.LoginTest@3c7f66c4] output={null}]]]>
              </value>
            </param>
          </params>
          <reporter-output>
          </reporter-output>
        </test-method> <!-- resultAnalysis -->
      </class> <!-- test.LoginTest -->
    </test> <!-- LoginTest -->
    <test started-at="2025-05-21T14:27:05 IST" name="TextBoxTest" finished-at="2025-05-21T14:27:22 IST" duration-ms="16894">
      <class name="test.TextBoxTest">
        <test-method is-config="true" signature="launcher()[pri:0, instance:test.TextBoxTest@a38c7fe]" started-at="2025-05-21T14:27:05 IST" name="launcher" finished-at="2025-05-21T14:27:13 IST" duration-ms="7261" status="PASS">
          <reporter-output>
          </reporter-output>
        </test-method> <!-- launcher -->
        <test-method signature="clickonclose()[pri:1, instance:test.TextBoxTest@a38c7fe]" started-at="2025-05-21T14:27:13 IST" name="clickonclose" finished-at="2025-05-21T14:27:13 IST" duration-ms="203" status="PASS">
          <reporter-output>
          </reporter-output>
        </test-method> <!-- clickonclose -->
        <test-method is-config="true" signature="resultAnalysis(org.testng.ITestResult)[pri:0, instance:test.TextBoxTest@a38c7fe]" started-at="2025-05-21T14:27:13 IST" name="resultAnalysis" finished-at="2025-05-21T14:27:13 IST" duration-ms="395" status="PASS">
          <params>
            <param index="0">
              <value>
                <![CDATA[[TestResult name=clickonclose status=SUCCESS method=TextBoxTest.clickonclose()[pri:1, instance:test.TextBoxTest@a38c7fe] output={null}]]]>
              </value>
            </param>
          </params>
          <reporter-output>
          </reporter-output>
        </test-method> <!-- resultAnalysis -->
        <test-method signature="clickonpractice()[pri:2, instance:test.TextBoxTest@a38c7fe]" started-at="2025-05-21T14:27:13 IST" name="clickonpractice" finished-at="2025-05-21T14:27:16 IST" duration-ms="2254" status="PASS">
          <reporter-output>
          </reporter-output>
        </test-method> <!-- clickonpractice -->
        <test-method is-config="true" signature="resultAnalysis(org.testng.ITestResult)[pri:0, instance:test.TextBoxTest@a38c7fe]" started-at="2025-05-21T14:27:16 IST" name="resultAnalysis" finished-at="2025-05-21T14:27:16 IST" duration-ms="226" status="PASS">
          <params>
            <param index="0">
              <value>
                <![CDATA[[TestResult name=clickonpractice status=SUCCESS method=TextBoxTest.clickonpractice()[pri:2, instance:test.TextBoxTest@a38c7fe] output={null}]]]>
              </value>
            </param>
          </params>
          <reporter-output>
          </reporter-output>
        </test-method> <!-- resultAnalysis -->
        <test-method signature="clickonelements()[pri:3, instance:test.TextBoxTest@a38c7fe]" started-at="2025-05-21T14:27:16 IST" name="clickonelements" finished-at="2025-05-21T14:27:16 IST" duration-ms="218" status="PASS">
          <reporter-output>
          </reporter-output>
        </test-method> <!-- clickonelements -->
        <test-method is-config="true" signature="resultAnalysis(org.testng.ITestResult)[pri:0, instance:test.TextBoxTest@a38c7fe]" started-at="2025-05-21T14:27:16 IST" name="resultAnalysis" finished-at="2025-05-21T14:27:16 IST" duration-ms="252" status="PASS">
          <params>
            <param index="0">
              <value>
                <![CDATA[[TestResult name=clickonelements status=SUCCESS method=TextBoxTest.clickonelements()[pri:3, instance:test.TextBoxTest@a38c7fe] output={null}]]]>
              </value>
            </param>
          </params>
          <reporter-output>
          </reporter-output>
        </test-method> <!-- resultAnalysis -->
        <test-method signature="clickontextbox()[pri:4, instance:test.TextBoxTest@a38c7fe]" started-at="2025-05-21T14:27:16 IST" name="clickontextbox" finished-at="2025-05-21T14:27:17 IST" duration-ms="244" status="PASS">
          <reporter-output>
          </reporter-output>
        </test-method> <!-- clickontextbox -->
        <test-method is-config="true" signature="resultAnalysis(org.testng.ITestResult)[pri:0, instance:test.TextBoxTest@a38c7fe]" started-at="2025-05-21T14:27:17 IST" name="resultAnalysis" finished-at="2025-05-21T14:27:17 IST" duration-ms="224" status="PASS">
          <params>
            <param index="0">
              <value>
                <![CDATA[[TestResult name=clickontextbox status=SUCCESS method=TextBoxTest.clickontextbox()[pri:4, instance:test.TextBoxTest@a38c7fe] output={null}]]]>
              </value>
            </param>
          </params>
          <reporter-output>
          </reporter-output>
        </test-method> <!-- resultAnalysis -->
        <test-method signature="filldetails()[pri:5, instance:test.TextBoxTest@a38c7fe]" started-at="2025-05-21T14:27:17 IST" name="filldetails" finished-at="2025-05-21T14:27:21 IST" duration-ms="3990" status="PASS">
          <reporter-output>
          </reporter-output>
        </test-method> <!-- filldetails -->
        <test-method is-config="true" signature="resultAnalysis(org.testng.ITestResult)[pri:0, instance:test.TextBoxTest@a38c7fe]" started-at="2025-05-21T14:27:21 IST" name="resultAnalysis" finished-at="2025-05-21T14:27:21 IST" duration-ms="243" status="PASS">
          <params>
            <param index="0">
              <value>
                <![CDATA[[TestResult name=filldetails status=SUCCESS method=TextBoxTest.filldetails()[pri:5, instance:test.TextBoxTest@a38c7fe] output={null}]]]>
              </value>
            </param>
          </params>
          <reporter-output>
          </reporter-output>
        </test-method> <!-- resultAnalysis -->
        <test-method signature="clickonsubmit()[pri:6, instance:test.TextBoxTest@a38c7fe]" started-at="2025-05-21T14:27:21 IST" name="clickonsubmit" finished-at="2025-05-21T14:27:21 IST" duration-ms="195" status="PASS">
          <reporter-output>
          </reporter-output>
        </test-method> <!-- clickonsubmit -->
        <test-method is-config="true" signature="resultAnalysis(org.testng.ITestResult)[pri:0, instance:test.TextBoxTest@a38c7fe]" started-at="2025-05-21T14:27:21 IST" name="resultAnalysis" finished-at="2025-05-21T14:27:21 IST" duration-ms="253" status="PASS">
          <params>
            <param index="0">
              <value>
                <![CDATA[[TestResult name=clickonsubmit status=SUCCESS method=TextBoxTest.clickonsubmit()[pri:6, instance:test.TextBoxTest@a38c7fe] output={null}]]]>
              </value>
            </param>
          </params>
          <reporter-output>
          </reporter-output>
        </test-method> <!-- resultAnalysis -->
        <test-method signature="validate()[pri:7, instance:test.TextBoxTest@a38c7fe]" started-at="2025-05-21T14:27:21 IST" name="validate" finished-at="2025-05-21T14:27:22 IST" duration-ms="700" status="PASS">
          <reporter-output>
          </reporter-output>
        </test-method> <!-- validate -->
        <test-method is-config="true" signature="resultAnalysis(org.testng.ITestResult)[pri:0, instance:test.TextBoxTest@a38c7fe]" started-at="2025-05-21T14:27:22 IST" name="resultAnalysis" finished-at="2025-05-21T14:27:22 IST" duration-ms="217" status="PASS">
          <params>
            <param index="0">
              <value>
                <![CDATA[[TestResult name=validate status=SUCCESS method=TextBoxTest.validate()[pri:7, instance:test.TextBoxTest@a38c7fe] output={null}]]]>
              </value>
            </param>
          </params>
          <reporter-output>
          </reporter-output>
        </test-method> <!-- resultAnalysis -->
      </class> <!-- test.TextBoxTest -->
    </test> <!-- TextBoxTest -->
    <test started-at="2025-05-21T14:27:22 IST" name="CheckBoxTest" finished-at="2025-05-21T14:27:37 IST" duration-ms="15100">
      <class name="test.CheckBoxTest">
        <test-method is-config="true" signature="launcher()[pri:0, instance:test.CheckBoxTest@537f60bf]" started-at="2025-05-21T14:27:22 IST" name="launcher" finished-at="2025-05-21T14:27:32 IST" duration-ms="9574" status="PASS">
          <reporter-output>
          </reporter-output>
        </test-method> <!-- launcher -->
        <test-method signature="clickonclose()[pri:1, instance:test.CheckBoxTest@537f60bf]" started-at="2025-05-21T14:27:32 IST" name="clickonclose" finished-at="2025-05-21T14:27:32 IST" duration-ms="154" status="PASS">
          <reporter-output>
          </reporter-output>
        </test-method> <!-- clickonclose -->
        <test-method is-config="true" signature="resultAnalysis(org.testng.ITestResult)[pri:0, instance:test.CheckBoxTest@537f60bf]" started-at="2025-05-21T14:27:32 IST" name="resultAnalysis" finished-at="2025-05-21T14:27:33 IST" duration-ms="427" status="PASS">
          <params>
            <param index="0">
              <value>
                <![CDATA[[TestResult name=clickonclose status=SUCCESS method=CheckBoxTest.clickonclose()[pri:1, instance:test.CheckBoxTest@537f60bf] output={null}]]]>
              </value>
            </param>
          </params>
          <reporter-output>
          </reporter-output>
        </test-method> <!-- resultAnalysis -->
        <test-method signature="cliconpractice()[pri:2, instance:test.CheckBoxTest@537f60bf]" started-at="2025-05-21T14:27:33 IST" name="cliconpractice" finished-at="2025-05-21T14:27:34 IST" duration-ms="1879" status="PASS">
          <reporter-output>
          </reporter-output>
        </test-method> <!-- cliconpractice -->
        <test-method is-config="true" signature="resultAnalysis(org.testng.ITestResult)[pri:0, instance:test.CheckBoxTest@537f60bf]" started-at="2025-05-21T14:27:34 IST" name="resultAnalysis" finished-at="2025-05-21T14:27:35 IST" duration-ms="217" status="PASS">
          <params>
            <param index="0">
              <value>
                <![CDATA[[TestResult name=cliconpractice status=SUCCESS method=CheckBoxTest.cliconpractice()[pri:2, instance:test.CheckBoxTest@537f60bf] output={null}]]]>
              </value>
            </param>
          </params>
          <reporter-output>
          </reporter-output>
        </test-method> <!-- resultAnalysis -->
        <test-method signature="clickonelements()[pri:3, instance:test.CheckBoxTest@537f60bf]" started-at="2025-05-21T14:27:35 IST" name="clickonelements" finished-at="2025-05-21T14:27:35 IST" duration-ms="164" status="PASS">
          <reporter-output>
          </reporter-output>
        </test-method> <!-- clickonelements -->
        <test-method is-config="true" signature="resultAnalysis(org.testng.ITestResult)[pri:0, instance:test.CheckBoxTest@537f60bf]" started-at="2025-05-21T14:27:35 IST" name="resultAnalysis" finished-at="2025-05-21T14:27:35 IST" duration-ms="219" status="PASS">
          <params>
            <param index="0">
              <value>
                <![CDATA[[TestResult name=clickonelements status=SUCCESS method=CheckBoxTest.clickonelements()[pri:3, instance:test.CheckBoxTest@537f60bf] output={null}]]]>
              </value>
            </param>
          </params>
          <reporter-output>
          </reporter-output>
        </test-method> <!-- resultAnalysis -->
        <test-method signature="clickoncheckbox()[pri:4, instance:test.CheckBoxTest@537f60bf]" started-at="2025-05-21T14:27:35 IST" name="clickoncheckbox" finished-at="2025-05-21T14:27:35 IST" duration-ms="199" status="PASS">
          <reporter-output>
          </reporter-output>
        </test-method> <!-- clickoncheckbox -->
        <test-method is-config="true" signature="resultAnalysis(org.testng.ITestResult)[pri:0, instance:test.CheckBoxTest@537f60bf]" started-at="2025-05-21T14:27:35 IST" name="resultAnalysis" finished-at="2025-05-21T14:27:35 IST" duration-ms="202" status="PASS">
          <params>
            <param index="0">
              <value>
                <![CDATA[[TestResult name=clickoncheckbox status=SUCCESS method=CheckBoxTest.clickoncheckbox()[pri:4, instance:test.CheckBoxTest@537f60bf] output={null}]]]>
              </value>
            </param>
          </params>
          <reporter-output>
          </reporter-output>
        </test-method> <!-- resultAnalysis -->
        <test-method signature="clickonmobile()[pri:5, instance:test.CheckBoxTest@537f60bf]" started-at="2025-05-21T14:27:35 IST" name="clickonmobile" finished-at="2025-05-21T14:27:36 IST" duration-ms="623" status="PASS">
          <reporter-output>
          </reporter-output>
        </test-method> <!-- clickonmobile -->
        <test-method is-config="true" signature="resultAnalysis(org.testng.ITestResult)[pri:0, instance:test.CheckBoxTest@537f60bf]" started-at="2025-05-21T14:27:36 IST" name="resultAnalysis" finished-at="2025-05-21T14:27:36 IST" duration-ms="165" status="PASS">
          <params>
            <param index="0">
              <value>
                <![CDATA[[TestResult name=clickonmobile status=SUCCESS method=CheckBoxTest.clickonmobile()[pri:5, instance:test.CheckBoxTest@537f60bf] output={null}]]]>
              </value>
            </param>
          </params>
          <reporter-output>
          </reporter-output>
        </test-method> <!-- resultAnalysis -->
        <test-method signature="clickonlaptop()[pri:6, instance:test.CheckBoxTest@537f60bf]" started-at="2025-05-21T14:27:36 IST" name="clickonlaptop" finished-at="2025-05-21T14:27:37 IST" duration-ms="426" status="PASS">
          <reporter-output>
          </reporter-output>
        </test-method> <!-- clickonlaptop -->
        <test-method is-config="true" signature="resultAnalysis(org.testng.ITestResult)[pri:0, instance:test.CheckBoxTest@537f60bf]" started-at="2025-05-21T14:27:37 IST" name="resultAnalysis" finished-at="2025-05-21T14:27:37 IST" duration-ms="189" status="PASS">
          <params>
            <param index="0">
              <value>
                <![CDATA[[TestResult name=clickonlaptop status=SUCCESS method=CheckBoxTest.clickonlaptop()[pri:6, instance:test.CheckBoxTest@537f60bf] output={null}]]]>
              </value>
            </param>
          </params>
          <reporter-output>
          </reporter-output>
        </test-method> <!-- resultAnalysis -->
        <test-method signature="clickondesktop()[pri:7, instance:test.CheckBoxTest@537f60bf]" started-at="2025-05-21T14:27:37 IST" name="clickondesktop" finished-at="2025-05-21T14:27:37 IST" duration-ms="430" status="PASS">
          <reporter-output>
          </reporter-output>
        </test-method> <!-- clickondesktop -->
        <test-method is-config="true" signature="resultAnalysis(org.testng.ITestResult)[pri:0, instance:test.CheckBoxTest@537f60bf]" started-at="2025-05-21T14:27:37 IST" name="resultAnalysis" finished-at="2025-05-21T14:27:37 IST" duration-ms="199" status="PASS">
          <params>
            <param index="0">
              <value>
                <![CDATA[[TestResult name=clickondesktop status=SUCCESS method=CheckBoxTest.clickondesktop()[pri:7, instance:test.CheckBoxTest@537f60bf] output={null}]]]>
              </value>
            </param>
          </params>
          <reporter-output>
          </reporter-output>
        </test-method> <!-- resultAnalysis -->
      </class> <!-- test.CheckBoxTest -->
    </test> <!-- CheckBoxTest -->
    <test started-at="2025-05-21T14:27:38 IST" name="RadioButtonsTest" finished-at="2025-05-21T14:27:51 IST" duration-ms="13659">
      <class name="test.RadioButtonsTest">
        <test-method is-config="true" signature="launcher()[pri:0, instance:test.RadioButtonsTest@4b45a2f5]" started-at="2025-05-21T14:27:38 IST" name="launcher" finished-at="2025-05-21T14:27:45 IST" duration-ms="7938" status="PASS">
          <reporter-output>
          </reporter-output>
        </test-method> <!-- launcher -->
        <test-method signature="clickonclose()[pri:1, instance:test.RadioButtonsTest@4b45a2f5]" started-at="2025-05-21T14:27:45 IST" name="clickonclose" finished-at="2025-05-21T14:27:46 IST" duration-ms="219" status="PASS">
          <reporter-output>
          </reporter-output>
        </test-method> <!-- clickonclose -->
        <test-method is-config="true" signature="resultAnalysis(org.testng.ITestResult)[pri:0, instance:test.RadioButtonsTest@4b45a2f5]" started-at="2025-05-21T14:27:46 IST" name="resultAnalysis" finished-at="2025-05-21T14:27:46 IST" duration-ms="350" status="PASS">
          <params>
            <param index="0">
              <value>
                <![CDATA[[TestResult name=clickonclose status=SUCCESS method=RadioButtonsTest.clickonclose()[pri:1, instance:test.RadioButtonsTest@4b45a2f5] output={null}]]]>
              </value>
            </param>
          </params>
          <reporter-output>
          </reporter-output>
        </test-method> <!-- resultAnalysis -->
        <test-method signature="clickonpractice()[pri:2, instance:test.RadioButtonsTest@4b45a2f5]" started-at="2025-05-21T14:27:46 IST" name="clickonpractice" finished-at="2025-05-21T14:27:48 IST" duration-ms="1942" status="PASS">
          <reporter-output>
          </reporter-output>
        </test-method> <!-- clickonpractice -->
        <test-method is-config="true" signature="resultAnalysis(org.testng.ITestResult)[pri:0, instance:test.RadioButtonsTest@4b45a2f5]" started-at="2025-05-21T14:27:48 IST" name="resultAnalysis" finished-at="2025-05-21T14:27:48 IST" duration-ms="220" status="PASS">
          <params>
            <param index="0">
              <value>
                <![CDATA[[TestResult name=clickonpractice status=SUCCESS method=RadioButtonsTest.clickonpractice()[pri:2, instance:test.RadioButtonsTest@4b45a2f5] output={null}]]]>
              </value>
            </param>
          </params>
          <reporter-output>
          </reporter-output>
        </test-method> <!-- resultAnalysis -->
        <test-method signature="clickonelements()[pri:3, instance:test.RadioButtonsTest@4b45a2f5]" started-at="2025-05-21T14:27:48 IST" name="clickonelements" finished-at="2025-05-21T14:27:48 IST" duration-ms="290" status="PASS">
          <reporter-output>
          </reporter-output>
        </test-method> <!-- clickonelements -->
        <test-method is-config="true" signature="resultAnalysis(org.testng.ITestResult)[pri:0, instance:test.RadioButtonsTest@4b45a2f5]" started-at="2025-05-21T14:27:48 IST" name="resultAnalysis" finished-at="2025-05-21T14:27:49 IST" duration-ms="292" status="PASS">
          <params>
            <param index="0">
              <value>
                <![CDATA[[TestResult name=clickonelements status=SUCCESS method=RadioButtonsTest.clickonelements()[pri:3, instance:test.RadioButtonsTest@4b45a2f5] output={null}]]]>
              </value>
            </param>
          </params>
          <reporter-output>
          </reporter-output>
        </test-method> <!-- resultAnalysis -->
        <test-method signature="clickonradiobuttons()[pri:4, instance:test.RadioButtonsTest@4b45a2f5]" started-at="2025-05-21T14:27:49 IST" name="clickonradiobuttons" finished-at="2025-05-21T14:27:49 IST" duration-ms="222" status="PASS">
          <reporter-output>
          </reporter-output>
        </test-method> <!-- clickonradiobuttons -->
        <test-method is-config="true" signature="resultAnalysis(org.testng.ITestResult)[pri:0, instance:test.RadioButtonsTest@4b45a2f5]" started-at="2025-05-21T14:27:49 IST" name="resultAnalysis" finished-at="2025-05-21T14:27:49 IST" duration-ms="295" status="PASS">
          <params>
            <param index="0">
              <value>
                <![CDATA[[TestResult name=clickonradiobuttons status=SUCCESS method=RadioButtonsTest.clickonradiobuttons()[pri:4, instance:test.RadioButtonsTest@4b45a2f5] output={null}]]]>
              </value>
            </param>
          </params>
          <reporter-output>
          </reporter-output>
        </test-method> <!-- resultAnalysis -->
        <test-method signature="clickonyesbuttons()[pri:5, instance:test.RadioButtonsTest@4b45a2f5]" started-at="2025-05-21T14:27:49 IST" name="clickonyesbuttons" finished-at="2025-05-21T14:27:50 IST" duration-ms="328" status="PASS">
          <reporter-output>
          </reporter-output>
        </test-method> <!-- clickonyesbuttons -->
        <test-method is-config="true" signature="resultAnalysis(org.testng.ITestResult)[pri:0, instance:test.RadioButtonsTest@4b45a2f5]" started-at="2025-05-21T14:27:50 IST" name="resultAnalysis" finished-at="2025-05-21T14:27:50 IST" duration-ms="237" status="PASS">
          <params>
            <param index="0">
              <value>
                <![CDATA[[TestResult name=clickonyesbuttons status=SUCCESS method=RadioButtonsTest.clickonyesbuttons()[pri:5, instance:test.RadioButtonsTest@4b45a2f5] output={null}]]]>
              </value>
            </param>
          </params>
          <reporter-output>
          </reporter-output>
        </test-method> <!-- resultAnalysis -->
        <test-method signature="clickonimpressivebuttons()[pri:6, instance:test.RadioButtonsTest@4b45a2f5]" started-at="2025-05-21T14:27:50 IST" name="clickonimpressivebuttons" finished-at="2025-05-21T14:27:50 IST" duration-ms="178" status="PASS">
          <reporter-output>
          </reporter-output>
        </test-method> <!-- clickonimpressivebuttons -->
        <test-method is-config="true" signature="resultAnalysis(org.testng.ITestResult)[pri:0, instance:test.RadioButtonsTest@4b45a2f5]" started-at="2025-05-21T14:27:50 IST" name="resultAnalysis" finished-at="2025-05-21T14:27:50 IST" duration-ms="220" status="PASS">
          <params>
            <param index="0">
              <value>
                <![CDATA[[TestResult name=clickonimpressivebuttons status=SUCCESS method=RadioButtonsTest.clickonimpressivebuttons()[pri:6, instance:test.RadioButtonsTest@4b45a2f5] output={null}]]]>
              </value>
            </param>
          </params>
          <reporter-output>
          </reporter-output>
        </test-method> <!-- resultAnalysis -->
        <test-method signature="clickonnobuttons()[pri:7, instance:test.RadioButtonsTest@4b45a2f5]" started-at="2025-05-21T14:27:50 IST" name="clickonnobuttons" finished-at="2025-05-21T14:27:50 IST" duration-ms="219" status="PASS">
          <reporter-output>
          </reporter-output>
        </test-method> <!-- clickonnobuttons -->
        <test-method is-config="true" signature="resultAnalysis(org.testng.ITestResult)[pri:0, instance:test.RadioButtonsTest@4b45a2f5]" started-at="2025-05-21T14:27:50 IST" name="resultAnalysis" finished-at="2025-05-21T14:27:51 IST" duration-ms="691" status="PASS">
          <params>
            <param index="0">
              <value>
                <![CDATA[[TestResult name=clickonnobuttons status=SUCCESS method=RadioButtonsTest.clickonnobuttons()[pri:7, instance:test.RadioButtonsTest@4b45a2f5] output={null}]]]>
              </value>
            </param>
          </params>
          <reporter-output>
          </reporter-output>
        </test-method> <!-- resultAnalysis -->
      </class> <!-- test.RadioButtonsTest -->
    </test> <!-- RadioButtonsTest -->
    <test started-at="2025-05-21T14:27:51 IST" name="Links_Page" finished-at="2025-05-21T14:28:08 IST" duration-ms="16734">
      <class name="test.Links_Test">
        <test-method is-config="true" signature="launcher()[pri:0, instance:test.Links_Test@55a147cc]" started-at="2025-05-21T14:27:51 IST" name="launcher" finished-at="2025-05-21T14:27:59 IST" duration-ms="8175" status="PASS">
          <reporter-output>
          </reporter-output>
        </test-method> <!-- launcher -->
        <test-method signature="clickAtClose()[pri:1, instance:test.Links_Test@55a147cc]" started-at="2025-05-21T14:27:59 IST" name="clickAtClose" finished-at="2025-05-21T14:28:00 IST" duration-ms="208" status="PASS">
          <reporter-output>
          </reporter-output>
        </test-method> <!-- clickAtClose -->
        <test-method is-config="true" signature="resultAnalysis(org.testng.ITestResult)[pri:0, instance:test.Links_Test@55a147cc]" started-at="2025-05-21T14:28:00 IST" name="resultAnalysis" finished-at="2025-05-21T14:28:00 IST" duration-ms="540" status="PASS">
          <params>
            <param index="0">
              <value>
                <![CDATA[[TestResult name=clickAtClose status=SUCCESS method=Links_Test.clickAtClose()[pri:1, instance:test.Links_Test@55a147cc] output={null}]]]>
              </value>
            </param>
          </params>
          <reporter-output>
          </reporter-output>
        </test-method> <!-- resultAnalysis -->
        <test-method signature="clickAtPractice()[pri:2, instance:test.Links_Test@55a147cc]" started-at="2025-05-21T14:28:00 IST" name="clickAtPractice" finished-at="2025-05-21T14:28:02 IST" duration-ms="2168" status="PASS">
          <reporter-output>
          </reporter-output>
        </test-method> <!-- clickAtPractice -->
        <test-method is-config="true" signature="resultAnalysis(org.testng.ITestResult)[pri:0, instance:test.Links_Test@55a147cc]" started-at="2025-05-21T14:28:02 IST" name="resultAnalysis" finished-at="2025-05-21T14:28:03 IST" duration-ms="192" status="PASS">
          <params>
            <param index="0">
              <value>
                <![CDATA[[TestResult name=clickAtPractice status=SUCCESS method=Links_Test.clickAtPractice()[pri:2, instance:test.Links_Test@55a147cc] output={null}]]]>
              </value>
            </param>
          </params>
          <reporter-output>
          </reporter-output>
        </test-method> <!-- resultAnalysis -->
        <test-method signature="clickAtElements()[pri:3, instance:test.Links_Test@55a147cc]" started-at="2025-05-21T14:28:03 IST" name="clickAtElements" finished-at="2025-05-21T14:28:03 IST" duration-ms="227" status="PASS">
          <reporter-output>
          </reporter-output>
        </test-method> <!-- clickAtElements -->
        <test-method is-config="true" signature="resultAnalysis(org.testng.ITestResult)[pri:0, instance:test.Links_Test@55a147cc]" started-at="2025-05-21T14:28:03 IST" name="resultAnalysis" finished-at="2025-05-21T14:28:03 IST" duration-ms="264" status="PASS">
          <params>
            <param index="0">
              <value>
                <![CDATA[[TestResult name=clickAtElements status=SUCCESS method=Links_Test.clickAtElements()[pri:3, instance:test.Links_Test@55a147cc] output={null}]]]>
              </value>
            </param>
          </params>
          <reporter-output>
          </reporter-output>
        </test-method> <!-- resultAnalysis -->
        <test-method signature="clickAtLinks()[pri:4, instance:test.Links_Test@55a147cc]" started-at="2025-05-21T14:28:03 IST" name="clickAtLinks" finished-at="2025-05-21T14:28:03 IST" duration-ms="236" status="PASS">
          <reporter-output>
          </reporter-output>
        </test-method> <!-- clickAtLinks -->
        <test-method is-config="true" signature="resultAnalysis(org.testng.ITestResult)[pri:0, instance:test.Links_Test@55a147cc]" started-at="2025-05-21T14:28:03 IST" name="resultAnalysis" finished-at="2025-05-21T14:28:03 IST" duration-ms="251" status="PASS">
          <params>
            <param index="0">
              <value>
                <![CDATA[[TestResult name=clickAtLinks status=SUCCESS method=Links_Test.clickAtLinks()[pri:4, instance:test.Links_Test@55a147cc] output={null}]]]>
              </value>
            </param>
          </params>
          <reporter-output>
          </reporter-output>
        </test-method> <!-- resultAnalysis -->
        <test-method signature="clickAtDemoPage()[pri:5, instance:test.Links_Test@55a147cc]" started-at="2025-05-21T14:28:03 IST" name="clickAtDemoPage" finished-at="2025-05-21T14:28:04 IST" duration-ms="279" status="PASS">
          <reporter-output>
          </reporter-output>
        </test-method> <!-- clickAtDemoPage -->
        <test-method is-config="true" signature="resultAnalysis(org.testng.ITestResult)[pri:0, instance:test.Links_Test@55a147cc]" started-at="2025-05-21T14:28:04 IST" name="resultAnalysis" finished-at="2025-05-21T14:28:04 IST" duration-ms="257" status="PASS">
          <params>
            <param index="0">
              <value>
                <![CDATA[[TestResult name=clickAtDemoPage status=SUCCESS method=Links_Test.clickAtDemoPage()[pri:5, instance:test.Links_Test@55a147cc] output={null}]]]>
              </value>
            </param>
          </params>
          <reporter-output>
          </reporter-output>
        </test-method> <!-- resultAnalysis -->
        <test-method signature="clickNextClose()[pri:6, instance:test.Links_Test@55a147cc]" started-at="2025-05-21T14:28:04 IST" name="clickNextClose" finished-at="2025-05-21T14:28:05 IST" duration-ms="798" status="PASS">
          <reporter-output>
          </reporter-output>
        </test-method> <!-- clickNextClose -->
        <test-method is-config="true" signature="resultAnalysis(org.testng.ITestResult)[pri:0, instance:test.Links_Test@55a147cc]" started-at="2025-05-21T14:28:05 IST" name="resultAnalysis" finished-at="2025-05-21T14:28:05 IST" duration-ms="329" status="PASS">
          <params>
            <param index="0">
              <value>
                <![CDATA[[TestResult name=clickNextClose status=SUCCESS method=Links_Test.clickNextClose()[pri:6, instance:test.Links_Test@55a147cc] output={null}]]]>
              </value>
            </param>
          </params>
          <reporter-output>
          </reporter-output>
        </test-method> <!-- resultAnalysis -->
        <test-method signature="backToPreviousWindow()[pri:7, instance:test.Links_Test@55a147cc]" started-at="2025-05-21T14:28:05 IST" name="backToPreviousWindow" finished-at="2025-05-21T14:28:05 IST" duration-ms="59" status="PASS">
          <reporter-output>
          </reporter-output>
        </test-method> <!-- backToPreviousWindow -->
        <test-method is-config="true" signature="resultAnalysis(org.testng.ITestResult)[pri:0, instance:test.Links_Test@55a147cc]" started-at="2025-05-21T14:28:05 IST" name="resultAnalysis" finished-at="2025-05-21T14:28:05 IST" duration-ms="207" status="PASS">
          <params>
            <param index="0">
              <value>
                <![CDATA[[TestResult name=backToPreviousWindow status=SUCCESS method=Links_Test.backToPreviousWindow()[pri:7, instance:test.Links_Test@55a147cc] output={null}]]]>
              </value>
            </param>
          </params>
          <reporter-output>
          </reporter-output>
        </test-method> <!-- resultAnalysis -->
        <test-method signature="clickAtCreated()[pri:8, instance:test.Links_Test@55a147cc]" started-at="2025-05-21T14:28:05 IST" name="clickAtCreated" finished-at="2025-05-21T14:28:06 IST" duration-ms="186" status="PASS">
          <reporter-output>
          </reporter-output>
        </test-method> <!-- clickAtCreated -->
        <test-method is-config="true" signature="resultAnalysis(org.testng.ITestResult)[pri:0, instance:test.Links_Test@55a147cc]" started-at="2025-05-21T14:28:06 IST" name="resultAnalysis" finished-at="2025-05-21T14:28:06 IST" duration-ms="249" status="PASS">
          <params>
            <param index="0">
              <value>
                <![CDATA[[TestResult name=clickAtCreated status=SUCCESS method=Links_Test.clickAtCreated()[pri:8, instance:test.Links_Test@55a147cc] output={null}]]]>
              </value>
            </param>
          </params>
          <reporter-output>
          </reporter-output>
        </test-method> <!-- resultAnalysis -->
        <test-method signature="clickAtNoContant()[pri:9, instance:test.Links_Test@55a147cc]" started-at="2025-05-21T14:28:06 IST" name="clickAtNoContant" finished-at="2025-05-21T14:28:06 IST" duration-ms="211" status="PASS">
          <reporter-output>
          </reporter-output>
        </test-method> <!-- clickAtNoContant -->
        <test-method is-config="true" signature="resultAnalysis(org.testng.ITestResult)[pri:0, instance:test.Links_Test@55a147cc]" started-at="2025-05-21T14:28:06 IST" name="resultAnalysis" finished-at="2025-05-21T14:28:06 IST" duration-ms="187" status="PASS">
          <params>
            <param index="0">
              <value>
                <![CDATA[[TestResult name=clickAtNoContant status=SUCCESS method=Links_Test.clickAtNoContant()[pri:9, instance:test.Links_Test@55a147cc] output={null}]]]>
              </value>
            </param>
          </params>
          <reporter-output>
          </reporter-output>
        </test-method> <!-- resultAnalysis -->
        <test-method signature="clickAtMoved()[pri:10, instance:test.Links_Test@55a147cc]" started-at="2025-05-21T14:28:06 IST" name="clickAtMoved" finished-at="2025-05-21T14:28:06 IST" duration-ms="182" status="PASS">
          <reporter-output>
          </reporter-output>
        </test-method> <!-- clickAtMoved -->
        <test-method is-config="true" signature="resultAnalysis(org.testng.ITestResult)[pri:0, instance:test.Links_Test@55a147cc]" started-at="2025-05-21T14:28:06 IST" name="resultAnalysis" finished-at="2025-05-21T14:28:07 IST" duration-ms="275" status="PASS">
          <params>
            <param index="0">
              <value>
                <![CDATA[[TestResult name=clickAtMoved status=SUCCESS method=Links_Test.clickAtMoved()[pri:10, instance:test.Links_Test@55a147cc] output={null}]]]>
              </value>
            </param>
          </params>
          <reporter-output>
          </reporter-output>
        </test-method> <!-- resultAnalysis -->
        <test-method signature="clickAtRequest()[pri:11, instance:test.Links_Test@55a147cc]" started-at="2025-05-21T14:28:07 IST" name="clickAtRequest" finished-at="2025-05-21T14:28:07 IST" duration-ms="190" status="PASS">
          <reporter-output>
          </reporter-output>
        </test-method> <!-- clickAtRequest -->
        <test-method is-config="true" signature="resultAnalysis(org.testng.ITestResult)[pri:0, instance:test.Links_Test@55a147cc]" started-at="2025-05-21T14:28:07 IST" name="resultAnalysis" finished-at="2025-05-21T14:28:08 IST" duration-ms="666" status="PASS">
          <params>
            <param index="0">
              <value>
                <![CDATA[[TestResult name=clickAtRequest status=SUCCESS method=Links_Test.clickAtRequest()[pri:11, instance:test.Links_Test@55a147cc] output={null}]]]>
              </value>
            </param>
          </params>
          <reporter-output>
          </reporter-output>
        </test-method> <!-- resultAnalysis -->
        <test-method signature="clickAtUnauthorized()[pri:12, instance:test.Links_Test@55a147cc]" started-at="2025-05-21T14:28:08 IST" name="clickAtUnauthorized" finished-at="2025-05-21T14:28:08 IST" duration-ms="194" status="PASS">
          <reporter-output>
          </reporter-output>
        </test-method> <!-- clickAtUnauthorized -->
        <test-method is-config="true" signature="resultAnalysis(org.testng.ITestResult)[pri:0, instance:test.Links_Test@55a147cc]" started-at="2025-05-21T14:28:08 IST" name="resultAnalysis" finished-at="2025-05-21T14:28:08 IST" duration-ms="183" status="PASS">
          <params>
            <param index="0">
              <value>
                <![CDATA[[TestResult name=clickAtUnauthorized status=SUCCESS method=Links_Test.clickAtUnauthorized()[pri:12, instance:test.Links_Test@55a147cc] output={null}]]]>
              </value>
            </param>
          </params>
          <reporter-output>
          </reporter-output>
        </test-method> <!-- resultAnalysis -->
      </class> <!-- test.Links_Test -->
    </test> <!-- Links_Page -->
    <test started-at="2025-05-21T14:28:08 IST" name="Links_Test" finished-at="2025-05-21T14:28:32 IST" duration-ms="24147">
      <class name="test.Links_Test">
        <test-method is-config="true" signature="launcher()[pri:0, instance:test.Links_Test@4145bad8]" started-at="2025-05-21T14:28:08 IST" name="launcher" finished-at="2025-05-21T14:28:21 IST" duration-ms="12690" status="PASS">
          <reporter-output>
          </reporter-output>
        </test-method> <!-- launcher -->
        <test-method signature="clickAtClose()[pri:1, instance:test.Links_Test@4145bad8]" started-at="2025-05-21T14:28:21 IST" name="clickAtClose" finished-at="2025-05-21T14:28:21 IST" duration-ms="330" status="PASS">
          <reporter-output>
          </reporter-output>
        </test-method> <!-- clickAtClose -->
        <test-method is-config="true" signature="resultAnalysis(org.testng.ITestResult)[pri:0, instance:test.Links_Test@4145bad8]" started-at="2025-05-21T14:28:21 IST" name="resultAnalysis" finished-at="2025-05-21T14:28:22 IST" duration-ms="513" status="PASS">
          <params>
            <param index="0">
              <value>
                <![CDATA[[TestResult name=clickAtClose status=SUCCESS method=Links_Test.clickAtClose()[pri:1, instance:test.Links_Test@4145bad8] output={null}]]]>
              </value>
            </param>
          </params>
          <reporter-output>
          </reporter-output>
        </test-method> <!-- resultAnalysis -->
        <test-method signature="clickAtPractice()[pri:2, instance:test.Links_Test@4145bad8]" started-at="2025-05-21T14:28:22 IST" name="clickAtPractice" finished-at="2025-05-21T14:28:26 IST" duration-ms="4650" status="PASS">
          <reporter-output>
          </reporter-output>
        </test-method> <!-- clickAtPractice -->
        <test-method is-config="true" signature="resultAnalysis(org.testng.ITestResult)[pri:0, instance:test.Links_Test@4145bad8]" started-at="2025-05-21T14:28:26 IST" name="resultAnalysis" finished-at="2025-05-21T14:28:26 IST" duration-ms="173" status="PASS">
          <params>
            <param index="0">
              <value>
                <![CDATA[[TestResult name=clickAtPractice status=SUCCESS method=Links_Test.clickAtPractice()[pri:2, instance:test.Links_Test@4145bad8] output={null}]]]>
              </value>
            </param>
          </params>
          <reporter-output>
          </reporter-output>
        </test-method> <!-- resultAnalysis -->
        <test-method signature="clickAtElements()[pri:3, instance:test.Links_Test@4145bad8]" started-at="2025-05-21T14:28:26 IST" name="clickAtElements" finished-at="2025-05-21T14:28:27 IST" duration-ms="204" status="PASS">
          <reporter-output>
          </reporter-output>
        </test-method> <!-- clickAtElements -->
        <test-method is-config="true" signature="resultAnalysis(org.testng.ITestResult)[pri:0, instance:test.Links_Test@4145bad8]" started-at="2025-05-21T14:28:27 IST" name="resultAnalysis" finished-at="2025-05-21T14:28:27 IST" duration-ms="302" status="PASS">
          <params>
            <param index="0">
              <value>
                <![CDATA[[TestResult name=clickAtElements status=SUCCESS method=Links_Test.clickAtElements()[pri:3, instance:test.Links_Test@4145bad8] output={null}]]]>
              </value>
            </param>
          </params>
          <reporter-output>
          </reporter-output>
        </test-method> <!-- resultAnalysis -->
        <test-method signature="clickAtLinks()[pri:4, instance:test.Links_Test@4145bad8]" started-at="2025-05-21T14:28:27 IST" name="clickAtLinks" finished-at="2025-05-21T14:28:27 IST" duration-ms="179" status="PASS">
          <reporter-output>
          </reporter-output>
        </test-method> <!-- clickAtLinks -->
        <test-method is-config="true" signature="resultAnalysis(org.testng.ITestResult)[pri:0, instance:test.Links_Test@4145bad8]" started-at="2025-05-21T14:28:27 IST" name="resultAnalysis" finished-at="2025-05-21T14:28:27 IST" duration-ms="241" status="PASS">
          <params>
            <param index="0">
              <value>
                <![CDATA[[TestResult name=clickAtLinks status=SUCCESS method=Links_Test.clickAtLinks()[pri:4, instance:test.Links_Test@4145bad8] output={null}]]]>
              </value>
            </param>
          </params>
          <reporter-output>
          </reporter-output>
        </test-method> <!-- resultAnalysis -->
        <test-method signature="clickAtDemoPage()[pri:5, instance:test.Links_Test@4145bad8]" started-at="2025-05-21T14:28:27 IST" name="clickAtDemoPage" finished-at="2025-05-21T14:28:28 IST" duration-ms="206" status="PASS">
          <reporter-output>
          </reporter-output>
        </test-method> <!-- clickAtDemoPage -->
        <test-method is-config="true" signature="resultAnalysis(org.testng.ITestResult)[pri:0, instance:test.Links_Test@4145bad8]" started-at="2025-05-21T14:28:28 IST" name="resultAnalysis" finished-at="2025-05-21T14:28:28 IST" duration-ms="255" status="PASS">
          <params>
            <param index="0">
              <value>
                <![CDATA[[TestResult name=clickAtDemoPage status=SUCCESS method=Links_Test.clickAtDemoPage()[pri:5, instance:test.Links_Test@4145bad8] output={null}]]]>
              </value>
            </param>
          </params>
          <reporter-output>
          </reporter-output>
        </test-method> <!-- resultAnalysis -->
        <test-method signature="clickNextClose()[pri:6, instance:test.Links_Test@4145bad8]" started-at="2025-05-21T14:28:28 IST" name="clickNextClose" finished-at="2025-05-21T14:28:29 IST" duration-ms="937" status="PASS">
          <reporter-output>
          </reporter-output>
        </test-method> <!-- clickNextClose -->
        <test-method is-config="true" signature="resultAnalysis(org.testng.ITestResult)[pri:0, instance:test.Links_Test@4145bad8]" started-at="2025-05-21T14:28:29 IST" name="resultAnalysis" finished-at="2025-05-21T14:28:29 IST" duration-ms="464" status="PASS">
          <params>
            <param index="0">
              <value>
                <![CDATA[[TestResult name=clickNextClose status=SUCCESS method=Links_Test.clickNextClose()[pri:6, instance:test.Links_Test@4145bad8] output={null}]]]>
              </value>
            </param>
          </params>
          <reporter-output>
          </reporter-output>
        </test-method> <!-- resultAnalysis -->
        <test-method signature="backToPreviousWindow()[pri:7, instance:test.Links_Test@4145bad8]" started-at="2025-05-21T14:28:29 IST" name="backToPreviousWindow" finished-at="2025-05-21T14:28:29 IST" duration-ms="64" status="PASS">
          <reporter-output>
          </reporter-output>
        </test-method> <!-- backToPreviousWindow -->
        <test-method is-config="true" signature="resultAnalysis(org.testng.ITestResult)[pri:0, instance:test.Links_Test@4145bad8]" started-at="2025-05-21T14:28:29 IST" name="resultAnalysis" finished-at="2025-05-21T14:28:29 IST" duration-ms="239" status="PASS">
          <params>
            <param index="0">
              <value>
                <![CDATA[[TestResult name=backToPreviousWindow status=SUCCESS method=Links_Test.backToPreviousWindow()[pri:7, instance:test.Links_Test@4145bad8] output={null}]]]>
              </value>
            </param>
          </params>
          <reporter-output>
          </reporter-output>
        </test-method> <!-- resultAnalysis -->
        <test-method signature="clickAtCreated()[pri:8, instance:test.Links_Test@4145bad8]" started-at="2025-05-21T14:28:29 IST" name="clickAtCreated" finished-at="2025-05-21T14:28:30 IST" duration-ms="261" status="PASS">
          <reporter-output>
          </reporter-output>
        </test-method> <!-- clickAtCreated -->
        <test-method is-config="true" signature="resultAnalysis(org.testng.ITestResult)[pri:0, instance:test.Links_Test@4145bad8]" started-at="2025-05-21T14:28:30 IST" name="resultAnalysis" finished-at="2025-05-21T14:28:30 IST" duration-ms="577" status="PASS">
          <params>
            <param index="0">
              <value>
                <![CDATA[[TestResult name=clickAtCreated status=SUCCESS method=Links_Test.clickAtCreated()[pri:8, instance:test.Links_Test@4145bad8] output={null}]]]>
              </value>
            </param>
          </params>
          <reporter-output>
          </reporter-output>
        </test-method> <!-- resultAnalysis -->
        <test-method signature="clickAtNoContant()[pri:9, instance:test.Links_Test@4145bad8]" started-at="2025-05-21T14:28:30 IST" name="clickAtNoContant" finished-at="2025-05-21T14:28:31 IST" duration-ms="228" status="PASS">
          <reporter-output>
          </reporter-output>
        </test-method> <!-- clickAtNoContant -->
        <test-method is-config="true" signature="resultAnalysis(org.testng.ITestResult)[pri:0, instance:test.Links_Test@4145bad8]" started-at="2025-05-21T14:28:31 IST" name="resultAnalysis" finished-at="2025-05-21T14:28:31 IST" duration-ms="198" status="PASS">
          <params>
            <param index="0">
              <value>
                <![CDATA[[TestResult name=clickAtNoContant status=SUCCESS method=Links_Test.clickAtNoContant()[pri:9, instance:test.Links_Test@4145bad8] output={null}]]]>
              </value>
            </param>
          </params>
          <reporter-output>
          </reporter-output>
        </test-method> <!-- resultAnalysis -->
        <test-method signature="clickAtMoved()[pri:10, instance:test.Links_Test@4145bad8]" started-at="2025-05-21T14:28:31 IST" name="clickAtMoved" finished-at="2025-05-21T14:28:31 IST" duration-ms="239" status="PASS">
          <reporter-output>
          </reporter-output>
        </test-method> <!-- clickAtMoved -->
        <test-method is-config="true" signature="resultAnalysis(org.testng.ITestResult)[pri:0, instance:test.Links_Test@4145bad8]" started-at="2025-05-21T14:28:31 IST" name="resultAnalysis" finished-at="2025-05-21T14:28:31 IST" duration-ms="244" status="PASS">
          <params>
            <param index="0">
              <value>
                <![CDATA[[TestResult name=clickAtMoved status=SUCCESS method=Links_Test.clickAtMoved()[pri:10, instance:test.Links_Test@4145bad8] output={null}]]]>
              </value>
            </param>
          </params>
          <reporter-output>
          </reporter-output>
        </test-method> <!-- resultAnalysis -->
        <test-method signature="clickAtRequest()[pri:11, instance:test.Links_Test@4145bad8]" started-at="2025-05-21T14:28:31 IST" name="clickAtRequest" finished-at="2025-05-21T14:28:31 IST" duration-ms="236" status="PASS">
          <reporter-output>
          </reporter-output>
        </test-method> <!-- clickAtRequest -->
        <test-method is-config="true" signature="resultAnalysis(org.testng.ITestResult)[pri:0, instance:test.Links_Test@4145bad8]" started-at="2025-05-21T14:28:31 IST" name="resultAnalysis" finished-at="2025-05-21T14:28:32 IST" duration-ms="218" status="PASS">
          <params>
            <param index="0">
              <value>
                <![CDATA[[TestResult name=clickAtRequest status=SUCCESS method=Links_Test.clickAtRequest()[pri:11, instance:test.Links_Test@4145bad8] output={null}]]]>
              </value>
            </param>
          </params>
          <reporter-output>
          </reporter-output>
        </test-method> <!-- resultAnalysis -->
        <test-method signature="clickAtUnauthorized()[pri:12, instance:test.Links_Test@4145bad8]" started-at="2025-05-21T14:28:32 IST" name="clickAtUnauthorized" finished-at="2025-05-21T14:28:32 IST" duration-ms="232" status="PASS">
          <reporter-output>
          </reporter-output>
        </test-method> <!-- clickAtUnauthorized -->
        <test-method is-config="true" signature="resultAnalysis(org.testng.ITestResult)[pri:0, instance:test.Links_Test@4145bad8]" started-at="2025-05-21T14:28:32 IST" name="resultAnalysis" finished-at="2025-05-21T14:28:32 IST" duration-ms="238" status="PASS">
          <params>
            <param index="0">
              <value>
                <![CDATA[[TestResult name=clickAtUnauthorized status=SUCCESS method=Links_Test.clickAtUnauthorized()[pri:12, instance:test.Links_Test@4145bad8] output={null}]]]>
              </value>
            </param>
          </params>
          <reporter-output>
          </reporter-output>
        </test-method> <!-- resultAnalysis -->
      </class> <!-- test.Links_Test -->
    </test> <!-- Links_Test -->
    <test started-at="2025-05-21T14:28:32 IST" name="ButtonsTest" finished-at="2025-05-21T14:28:52 IST" duration-ms="20024">
      <class name="test.ButtonsTest">
        <test-method is-config="true" signature="launcher()[pri:0, instance:test.ButtonsTest@26d9b808]" started-at="2025-05-21T14:28:32 IST" name="launcher" finished-at="2025-05-21T14:28:45 IST" duration-ms="12545" status="PASS">
          <reporter-output>
          </reporter-output>
        </test-method> <!-- launcher -->
        <test-method signature="clickonClose()[pri:1, instance:test.ButtonsTest@26d9b808]" started-at="2025-05-21T14:28:45 IST" name="clickonClose" finished-at="2025-05-21T14:28:45 IST" duration-ms="280" status="PASS">
          <reporter-output>
          </reporter-output>
        </test-method> <!-- clickonClose -->
        <test-method is-config="true" signature="resultAnalysis(org.testng.ITestResult)[pri:0, instance:test.ButtonsTest@26d9b808]" started-at="2025-05-21T14:28:45 IST" name="resultAnalysis" finished-at="2025-05-21T14:28:46 IST" duration-ms="538" status="PASS">
          <params>
            <param index="0">
              <value>
                <![CDATA[[TestResult name=clickonClose status=SUCCESS method=ButtonsTest.clickonClose()[pri:1, instance:test.ButtonsTest@26d9b808] output={null}]]]>
              </value>
            </param>
          </params>
          <reporter-output>
          </reporter-output>
        </test-method> <!-- resultAnalysis -->
        <test-method signature="clickonPractice()[pri:2, instance:test.ButtonsTest@26d9b808]" started-at="2025-05-21T14:28:46 IST" name="clickonPractice" finished-at="2025-05-21T14:28:49 IST" duration-ms="3133" status="PASS">
          <reporter-output>
          </reporter-output>
        </test-method> <!-- clickonPractice -->
        <test-method is-config="true" signature="resultAnalysis(org.testng.ITestResult)[pri:0, instance:test.ButtonsTest@26d9b808]" started-at="2025-05-21T14:28:49 IST" name="resultAnalysis" finished-at="2025-05-21T14:28:49 IST" duration-ms="279" status="PASS">
          <params>
            <param index="0">
              <value>
                <![CDATA[[TestResult name=clickonPractice status=SUCCESS method=ButtonsTest.clickonPractice()[pri:2, instance:test.ButtonsTest@26d9b808] output={null}]]]>
              </value>
            </param>
          </params>
          <reporter-output>
          </reporter-output>
        </test-method> <!-- resultAnalysis -->
        <test-method signature="clickonElement()[pri:3, instance:test.ButtonsTest@26d9b808]" started-at="2025-05-21T14:28:49 IST" name="clickonElement" finished-at="2025-05-21T14:28:49 IST" duration-ms="212" status="PASS">
          <reporter-output>
          </reporter-output>
        </test-method> <!-- clickonElement -->
        <test-method is-config="true" signature="resultAnalysis(org.testng.ITestResult)[pri:0, instance:test.ButtonsTest@26d9b808]" started-at="2025-05-21T14:28:49 IST" name="resultAnalysis" finished-at="2025-05-21T14:28:49 IST" duration-ms="272" status="PASS">
          <params>
            <param index="0">
              <value>
                <![CDATA[[TestResult name=clickonElement status=SUCCESS method=ButtonsTest.clickonElement()[pri:3, instance:test.ButtonsTest@26d9b808] output={null}]]]>
              </value>
            </param>
          </params>
          <reporter-output>
          </reporter-output>
        </test-method> <!-- resultAnalysis -->
        <test-method signature="clickonbuttons()[pri:4, instance:test.ButtonsTest@26d9b808]" started-at="2025-05-21T14:28:49 IST" name="clickonbuttons" finished-at="2025-05-21T14:28:50 IST" duration-ms="177" status="PASS">
          <reporter-output>
          </reporter-output>
        </test-method> <!-- clickonbuttons -->
        <test-method is-config="true" signature="resultAnalysis(org.testng.ITestResult)[pri:0, instance:test.ButtonsTest@26d9b808]" started-at="2025-05-21T14:28:50 IST" name="resultAnalysis" finished-at="2025-05-21T14:28:50 IST" duration-ms="188" status="PASS">
          <params>
            <param index="0">
              <value>
                <![CDATA[[TestResult name=clickonbuttons status=SUCCESS method=ButtonsTest.clickonbuttons()[pri:4, instance:test.ButtonsTest@26d9b808] output={null}]]]>
              </value>
            </param>
          </params>
          <reporter-output>
          </reporter-output>
        </test-method> <!-- resultAnalysis -->
        <test-method signature="clickonDoubleclick()[pri:5, instance:test.ButtonsTest@26d9b808]" started-at="2025-05-21T14:28:50 IST" name="clickonDoubleclick" finished-at="2025-05-21T14:28:50 IST" duration-ms="298" status="PASS">
          <reporter-output>
          </reporter-output>
        </test-method> <!-- clickonDoubleclick -->
        <test-method is-config="true" signature="resultAnalysis(org.testng.ITestResult)[pri:0, instance:test.ButtonsTest@26d9b808]" started-at="2025-05-21T14:28:50 IST" name="resultAnalysis" finished-at="2025-05-21T14:28:50 IST" duration-ms="222" status="PASS">
          <params>
            <param index="0">
              <value>
                <![CDATA[[TestResult name=clickonDoubleclick status=SUCCESS method=ButtonsTest.clickonDoubleclick()[pri:5, instance:test.ButtonsTest@26d9b808] output={null}]]]>
              </value>
            </param>
          </params>
          <reporter-output>
          </reporter-output>
        </test-method> <!-- resultAnalysis -->
        <test-method signature="clickonRightclick()[pri:6, instance:test.ButtonsTest@26d9b808]" started-at="2025-05-21T14:28:50 IST" name="clickonRightclick" finished-at="2025-05-21T14:28:51 IST" duration-ms="274" status="PASS">
          <reporter-output>
          </reporter-output>
        </test-method> <!-- clickonRightclick -->
        <test-method is-config="true" signature="resultAnalysis(org.testng.ITestResult)[pri:0, instance:test.ButtonsTest@26d9b808]" started-at="2025-05-21T14:28:51 IST" name="resultAnalysis" finished-at="2025-05-21T14:28:51 IST" duration-ms="243" status="PASS">
          <params>
            <param index="0">
              <value>
                <![CDATA[[TestResult name=clickonRightclick status=SUCCESS method=ButtonsTest.clickonRightclick()[pri:6, instance:test.ButtonsTest@26d9b808] output={null}]]]>
              </value>
            </param>
          </params>
          <reporter-output>
          </reporter-output>
        </test-method> <!-- resultAnalysis -->
        <test-method signature="clickonClickme()[pri:7, instance:test.ButtonsTest@26d9b808]" started-at="2025-05-21T14:28:51 IST" name="clickonClickme" finished-at="2025-05-21T14:28:51 IST" duration-ms="224" status="PASS">
          <reporter-output>
          </reporter-output>
        </test-method> <!-- clickonClickme -->
        <test-method is-config="true" signature="resultAnalysis(org.testng.ITestResult)[pri:0, instance:test.ButtonsTest@26d9b808]" started-at="2025-05-21T14:28:51 IST" name="resultAnalysis" finished-at="2025-05-21T14:28:51 IST" duration-ms="279" status="PASS">
          <params>
            <param index="0">
              <value>
                <![CDATA[[TestResult name=clickonClickme status=SUCCESS method=ButtonsTest.clickonClickme()[pri:7, instance:test.ButtonsTest@26d9b808] output={null}]]]>
              </value>
            </param>
          </params>
          <reporter-output>
          </reporter-output>
        </test-method> <!-- resultAnalysis -->
        <test-method signature="buttonsvalidate()[pri:8, instance:test.ButtonsTest@26d9b808]" started-at="2025-05-21T14:28:51 IST" name="buttonsvalidate" finished-at="2025-05-21T14:28:52 IST" duration-ms="601" status="PASS">
          <reporter-output>
          </reporter-output>
        </test-method> <!-- buttonsvalidate -->
        <test-method is-config="true" signature="resultAnalysis(org.testng.ITestResult)[pri:0, instance:test.ButtonsTest@26d9b808]" started-at="2025-05-21T14:28:52 IST" name="resultAnalysis" finished-at="2025-05-21T14:28:52 IST" duration-ms="223" status="PASS">
          <params>
            <param index="0">
              <value>
                <![CDATA[[TestResult name=buttonsvalidate status=SUCCESS method=ButtonsTest.buttonsvalidate()[pri:8, instance:test.ButtonsTest@26d9b808] output={null}]]]>
              </value>
            </param>
          </params>
          <reporter-output>
          </reporter-output>
        </test-method> <!-- resultAnalysis -->
      </class> <!-- test.ButtonsTest -->
    </test> <!-- ButtonsTest -->
    <test started-at="2025-05-21T14:28:52 IST" name="UploadTest" finished-at="2025-05-21T14:29:20 IST" duration-ms="28068">
      <class name="test.Upload_DownloadTest">
        <test-method is-config="true" signature="launcher()[pri:0, instance:test.Upload_DownloadTest@6892b3b6]" started-at="2025-05-21T14:28:52 IST" name="launcher" finished-at="2025-05-21T14:29:12 IST" duration-ms="20108" status="PASS">
          <reporter-output>
          </reporter-output>
        </test-method> <!-- launcher -->
        <test-method signature="clickAtClose()[pri:1, instance:test.Upload_DownloadTest@6892b3b6]" started-at="2025-05-21T14:29:12 IST" name="clickAtClose" finished-at="2025-05-21T14:29:13 IST" duration-ms="339" status="PASS">
          <reporter-output>
          </reporter-output>
        </test-method> <!-- clickAtClose -->
        <test-method is-config="true" signature="resultAnalysis(org.testng.ITestResult)[pri:0, instance:test.Upload_DownloadTest@6892b3b6]" started-at="2025-05-21T14:29:13 IST" name="resultAnalysis" finished-at="2025-05-21T14:29:13 IST" duration-ms="367" status="PASS">
          <params>
            <param index="0">
              <value>
                <![CDATA[[TestResult name=clickAtClose status=SUCCESS method=Upload_DownloadTest.clickAtClose()[pri:1, instance:test.Upload_DownloadTest@6892b3b6] output={null}]]]>
              </value>
            </param>
          </params>
          <reporter-output>
          </reporter-output>
        </test-method> <!-- resultAnalysis -->
        <test-method signature="clickAtPractice()[pri:2, instance:test.Upload_DownloadTest@6892b3b6]" started-at="2025-05-21T14:29:13 IST" name="clickAtPractice" finished-at="2025-05-21T14:29:17 IST" duration-ms="3836" status="PASS">
          <reporter-output>
          </reporter-output>
        </test-method> <!-- clickAtPractice -->
        <test-method is-config="true" signature="resultAnalysis(org.testng.ITestResult)[pri:0, instance:test.Upload_DownloadTest@6892b3b6]" started-at="2025-05-21T14:29:17 IST" name="resultAnalysis" finished-at="2025-05-21T14:29:17 IST" duration-ms="191" status="PASS">
          <params>
            <param index="0">
              <value>
                <![CDATA[[TestResult name=clickAtPractice status=SUCCESS method=Upload_DownloadTest.clickAtPractice()[pri:2, instance:test.Upload_DownloadTest@6892b3b6] output={null}]]]>
              </value>
            </param>
          </params>
          <reporter-output>
          </reporter-output>
        </test-method> <!-- resultAnalysis -->
        <test-method signature="clickAtElements()[pri:3, instance:test.Upload_DownloadTest@6892b3b6]" started-at="2025-05-21T14:29:17 IST" name="clickAtElements" finished-at="2025-05-21T14:29:17 IST" duration-ms="276" status="PASS">
          <reporter-output>
          </reporter-output>
        </test-method> <!-- clickAtElements -->
        <test-method is-config="true" signature="resultAnalysis(org.testng.ITestResult)[pri:0, instance:test.Upload_DownloadTest@6892b3b6]" started-at="2025-05-21T14:29:17 IST" name="resultAnalysis" finished-at="2025-05-21T14:29:18 IST" duration-ms="244" status="PASS">
          <params>
            <param index="0">
              <value>
                <![CDATA[[TestResult name=clickAtElements status=SUCCESS method=Upload_DownloadTest.clickAtElements()[pri:3, instance:test.Upload_DownloadTest@6892b3b6] output={null}]]]>
              </value>
            </param>
          </params>
          <reporter-output>
          </reporter-output>
        </test-method> <!-- resultAnalysis -->
        <test-method signature="clickAtUploads()[pri:4, instance:test.Upload_DownloadTest@6892b3b6]" started-at="2025-05-21T14:29:18 IST" name="clickAtUploads" finished-at="2025-05-21T14:29:18 IST" duration-ms="206" status="PASS">
          <reporter-output>
          </reporter-output>
        </test-method> <!-- clickAtUploads -->
        <test-method is-config="true" signature="resultAnalysis(org.testng.ITestResult)[pri:0, instance:test.Upload_DownloadTest@6892b3b6]" started-at="2025-05-21T14:29:18 IST" name="resultAnalysis" finished-at="2025-05-21T14:29:18 IST" duration-ms="208" status="PASS">
          <params>
            <param index="0">
              <value>
                <![CDATA[[TestResult name=clickAtUploads status=SUCCESS method=Upload_DownloadTest.clickAtUploads()[pri:4, instance:test.Upload_DownloadTest@6892b3b6] output={null}]]]>
              </value>
            </param>
          </params>
          <reporter-output>
          </reporter-output>
        </test-method> <!-- resultAnalysis -->
        <test-method signature="clickAtChose()[pri:5, instance:test.Upload_DownloadTest@6892b3b6]" started-at="2025-05-21T14:29:18 IST" name="clickAtChose" finished-at="2025-05-21T14:29:18 IST" duration-ms="208" status="PASS">
          <reporter-output>
          </reporter-output>
        </test-method> <!-- clickAtChose -->
        <test-method is-config="true" signature="resultAnalysis(org.testng.ITestResult)[pri:0, instance:test.Upload_DownloadTest@6892b3b6]" started-at="2025-05-21T14:29:18 IST" name="resultAnalysis" finished-at="2025-05-21T14:29:18 IST" duration-ms="167" status="PASS">
          <params>
            <param index="0">
              <value>
                <![CDATA[[TestResult name=clickAtChose status=SUCCESS method=Upload_DownloadTest.clickAtChose()[pri:5, instance:test.Upload_DownloadTest@6892b3b6] output={null}]]]>
              </value>
            </param>
          </params>
          <reporter-output>
          </reporter-output>
        </test-method> <!-- resultAnalysis -->
        <test-method signature="uploadDoc()[pri:6, instance:test.Upload_DownloadTest@6892b3b6]" started-at="2025-05-21T14:29:18 IST" name="uploadDoc" finished-at="2025-05-21T14:29:20 IST" duration-ms="1345" status="PASS">
          <reporter-output>
          </reporter-output>
        </test-method> <!-- uploadDoc -->
        <test-method is-config="true" signature="resultAnalysis(org.testng.ITestResult)[pri:0, instance:test.Upload_DownloadTest@6892b3b6]" started-at="2025-05-21T14:29:20 IST" name="resultAnalysis" finished-at="2025-05-21T14:29:20 IST" duration-ms="550" status="PASS">
          <params>
            <param index="0">
              <value>
                <![CDATA[[TestResult name=uploadDoc status=SUCCESS method=Upload_DownloadTest.uploadDoc()[pri:6, instance:test.Upload_DownloadTest@6892b3b6] output={null}]]]>
              </value>
            </param>
          </params>
          <reporter-output>
          </reporter-output>
        </test-method> <!-- resultAnalysis -->
      </class> <!-- test.Upload_DownloadTest -->
    </test> <!-- UploadTest -->
  </suite> <!-- Suite -->
</testng-results>
